<!--suppress XmlHighlighting -->
<project xmlns="http://maven.apache.org/POM/4.0.0" xmlns:xsi="http://www.w3.org/2001/XMLSchema-instance" xsi:schemaLocation="http://maven.apache.org/POM/4.0.0 http://maven.apache.org/maven-v4_0_0.xsd">
    <modelVersion>4.0.0</modelVersion>
    <groupId>test</groupId>
    <artifactId>test</artifactId>
    <packaging>jar</packaging>
    <version>0.1.0</version>

    <build>
        <plugins>
            <plugin>
                <groupId>net.unit8.maven.plugins</groupId>
                <artifactId>job-streamer-maven-plugin</artifactId>
                <version>0.2.0-SNAPSHOT</version>
                <configuration>
                    <project implementation="org.apache.maven.plugin.testing.stubs.MavenProjectStub">
                        <build>
                            <outputDirectory>target/xxx</outputDirectory>
                        </build>
                    </project>
                    <controlBusHost>localhost</controlBusHost>
                    <controlBusPort>45105</controlBusPort>
                    <deploymentPath>weld-deployment.xml</deploymentPath>
                    <outputDirectory>target/xxx</outputDirectory>
                </configuration>
            </plugin>
        </plugins>
    </build>
</project>
